# JRE version: Java(TM) SE Runtime Environment (8.0_111-b14) (build 1.8.0_111-b14)
# Java VM: Java HotSpot(TM) 64-Bit Server VM (25.111-b14 mixed mode windows-amd64 compressed oops)
Heap:
 PSYoungGen      total 55296K, used 4781K [0x00000000eb980000, 0x00000000ef800000, 0x0000000100000000)
  eden space 48128K, 9% used [0x00000000eb980000,0x00000000ebe2b498,0x00000000ee880000)
  from space 7168K, 0% used [0x00000000ef000000,0x00000000ef000000,0x00000000ef700000)
  to   space 7680K, 0% used [0x00000000ee880000,0x00000000ee880000,0x00000000ef000000)
 ParOldGen       total 37888K, used 10502K [0x00000000c2c00000, 0x00000000c5100000, 0x00000000eb980000)
  object space 37888K, 27% used [0x00000000c2c00000,0x00000000c3641bb8,0x00000000c5100000)
 Metaspace       used 20917K, capacity 21656K, committed 21888K, reserved 1069056K
  class space    used 2587K, capacity 2821K, committed 2944K, reserved 1048576K
GC Heap History (10 events):
Event: 4.482 GC heap before
{Heap before GC invocations=7 (full 0):
 PSYoungGen      total 37376K, used 36404K [0x00000000eb980000, 0x00000000ee380000, 0x0000000100000000)
  eden space 31744K, 100% used [0x00000000eb980000,0x00000000ed880000,0x00000000ed880000)
  from space 5632K, 82% used [0x00000000ede00000,0x00000000ee28d208,0x00000000ee380000)
  to   space 5632K, 0% used [0x00000000ed880000,0x00000000ed880000,0x00000000ede00000)
 ParOldGen       total 42496K, used 8577K [0x00000000c2c00000, 0x00000000c5580000, 0x00000000eb980000)
  object space 42496K, 20% used [0x00000000c2c00000,0x00000000c34604c0,0x00000000c5580000)
 Metaspace       used 18870K, capacity 19488K, committed 19712K, reserved 1067008K
  class space    used 2363K, capacity 2513K, committed 2560K, reserved 1048576K
Event: 4.496 GC heap after
Heap after GC invocations=7 (full 0):
 PSYoungGen      total 37376K, used 5601K [0x00000000eb980000, 0x00000000ee380000, 0x0000000100000000)
  eden space 31744K, 0% used [0x00000000eb980000,0x00000000eb980000,0x00000000ed880000)
  from space 5632K, 99% used [0x00000000ed880000,0x00000000eddf8778,0x00000000ede00000)
  to   space 5632K, 0% used [0x00000000ede00000,0x00000000ede00000,0x00000000ee380000)
 ParOldGen       total 42496K, used 10451K [0x00000000c2c00000, 0x00000000c5580000, 0x00000000eb980000)
  object space 42496K, 24% used [0x00000000c2c00000,0x00000000c3634f50,0x00000000c5580000)
 Metaspace       used 18870K, capacity 19488K, committed 19712K, reserved 1067008K
  class space    used 2363K, capacity 2513K, committed 2560K, reserved 1048576K
}
Event: 5.452 GC heap before
{Heap before GC invocations=8 (full 0):
 PSYoungGen      total 37376K, used 37345K [0x00000000eb980000, 0x00000000ee380000, 0x0000000100000000)
  eden space 31744K, 100% used [0x00000000eb980000,0x00000000ed880000,0x00000000ed880000)
  from space 5632K, 99% used [0x00000000ed880000,0x00000000eddf8778,0x00000000ede00000)
  to   space 5632K, 0% used [0x00000000ede00000,0x00000000ede00000,0x00000000ee380000)
 ParOldGen       total 42496K, used 10451K [0x00000000c2c00000, 0x00000000c5580000, 0x00000000eb980000)
  object space 42496K, 24% used [0x00000000c2c00000,0x00000000c3634f50,0x00000000c5580000)
 Metaspace       used 19309K, capacity 19962K, committed 20224K, reserved 1067008K
  class space    used 2372K, capacity 2516K, committed 2560K, reserved 1048576K
Event: 5.457 GC heap after
Heap after GC invocations=8 (full 0):
 PSYoungGen      total 35840K, used 5424K [0x00000000eb980000, 0x00000000f0580000, 0x0000000100000000)
  eden space 30208K, 0% used [0x00000000eb980000,0x00000000eb980000,0x00000000ed700000)
  from space 5632K, 96% used [0x00000000ede00000,0x00000000ee34c010,0x00000000ee380000)
  to   space 7168K, 0% used [0x00000000ed700000,0x00000000ed700000,0x00000000ede00000)
 ParOldGen       total 42496K, used 10999K [0x00000000c2c00000, 0x00000000c5580000, 0x00000000eb980000)
  object space 42496K, 25% used [0x00000000c2c00000,0x00000000c36bdee8,0x00000000c5580000)
 Metaspace       used 19309K, capacity 19962K, committed 20224K, reserved 1067008K
  class space    used 2372K, capacity 2516K, committed 2560K, reserved 1048576K
}
Event: 6.277 GC heap before
{Heap before GC invocations=9 (full 0):
 PSYoungGen      total 35840K, used 35632K [0x00000000eb980000, 0x00000000f0580000, 0x0000000100000000)
  eden space 30208K, 100% used [0x00000000eb980000,0x00000000ed700000,0x00000000ed700000)
  from space 5632K, 96% used [0x00000000ede00000,0x00000000ee34c010,0x00000000ee380000)
  to   space 7168K, 0% used [0x00000000ed700000,0x00000000ed700000,0x00000000ede00000)
 ParOldGen       total 42496K, used 10999K [0x00000000c2c00000, 0x00000000c5580000, 0x00000000eb980000)
  object space 42496K, 25% used [0x00000000c2c00000,0x00000000c36bdee8,0x00000000c5580000)
 Metaspace       used 19863K, capacity 20516K, committed 20864K, reserved 1067008K
  class space    used 2413K, capacity 2589K, committed 2688K, reserved 1048576K
Event: 6.286 GC heap after
Heap after GC invocations=9 (full 0):
 PSYoungGen      total 37376K, used 5824K [0x00000000eb980000, 0x00000000ef700000, 0x0000000100000000)
  eden space 30208K, 0% used [0x00000000eb980000,0x00000000eb980000,0x00000000ed700000)
  from space 7168K, 81% used [0x00000000ed700000,0x00000000edcb0020,0x00000000ede00000)
  to   space 7168K, 0% used [0x00000000ef000000,0x00000000ef000000,0x00000000ef700000)
 ParOldGen       total 42496K, used 12373K [0x00000000c2c00000, 0x00000000c5580000, 0x00000000eb980000)
  object space 42496K, 29% used [0x00000000c2c00000,0x00000000c38154e0,0x00000000c5580000)
 Metaspace       used 19863K, capacity 20516K, committed 20864K, reserved 1067008K
  class space    used 2413K, capacity 2589K, committed 2688K, reserved 1048576K
}
Event: 6.523 GC heap before
{Heap before GC invocations=10 (full 0):
 PSYoungGen      total 37376K, used 14887K [0x00000000eb980000, 0x00000000ef700000, 0x0000000100000000)
  eden space 30208K, 30% used [0x00000000eb980000,0x00000000ec259fd8,0x00000000ed700000)
  from space 7168K, 81% used [0x00000000ed700000,0x00000000edcb0020,0x00000000ede00000)
  to   space 7168K, 0% used [0x00000000ef000000,0x00000000ef000000,0x00000000ef700000)
 ParOldGen       total 42496K, used 12373K [0x00000000c2c00000, 0x00000000c5580000, 0x00000000eb980000)
  object space 42496K, 29% used [0x00000000c2c00000,0x00000000c38154e0,0x00000000c5580000)
 Metaspace       used 20452K, capacity 21102K, committed 21248K, reserved 1067008K
  class space    used 2504K, capacity 2723K, committed 2816K, reserved 1048576K
Event: 6.532 GC heap after
Heap after GC invocations=10 (full 0):
 PSYoungGen      total 55296K, used 2388K [0x00000000eb980000, 0x00000000ef800000, 0x0000000100000000)
  eden space 48128K, 0% used [0x00000000eb980000,0x00000000eb980000,0x00000000ee880000)
  from space 7168K, 33% used [0x00000000ef000000,0x00000000ef2550b0,0x00000000ef700000)
  to   space 7680K, 0% used [0x00000000ee880000,0x00000000ee880000,0x00000000ef000000)
 ParOldGen       total 42496K, used 16141K [0x00000000c2c00000, 0x00000000c5580000, 0x00000000eb980000)
  object space 42496K, 37% used [0x00000000c2c00000,0x00000000c3bc34e0,0x00000000c5580000)
 Metaspace       used 20452K, capacity 21102K, committed 21248K, reserved 1067008K
  class space    used 2504K, capacity 2723K, committed 2816K, reserved 1048576K
}
Event: 6.533 GC heap before
{Heap before GC invocations=11 (full 1):
 PSYoungGen      total 55296K, used 2388K [0x00000000eb980000, 0x00000000ef800000, 0x0000000100000000)
  eden space 48128K, 0% used [0x00000000eb980000,0x00000000eb980000,0x00000000ee880000)
  from space 7168K, 33% used [0x00000000ef000000,0x00000000ef2550b0,0x00000000ef700000)
  to   space 7680K, 0% used [0x00000000ee880000,0x00000000ee880000,0x00000000ef000000)
 ParOldGen       total 42496K, used 16141K [0x00000000c2c00000, 0x00000000c5580000, 0x00000000eb980000)
  object space 42496K, 37% used [0x00000000c2c00000,0x00000000c3bc34e0,0x00000000c5580000)
 Metaspace       used 20452K, capacity 21102K, committed 21248K, reserved 1067008K
  class space    used 2504K, capacity 2723K, committed 2816K, reserved 1048576K
Event: 6.634 GC heap after
Heap after GC invocations=11 (full 1):
 PSYoungGen      total 55296K, used 0K [0x00000000eb980000, 0x00000000ef800000, 0x0000000100000000)
  eden space 48128K, 0% used [0x00000000eb980000,0x00000000eb980000,0x00000000ee880000)
  from space 7168K, 0% used [0x00000000ef000000,0x00000000ef000000,0x00000000ef700000)
  to   space 7680K, 0% used [0x00000000ee880000,0x00000000ee880000,0x00000000ef000000)
 ParOldGen       total 37888K, used 10502K [0x00000000c2c00000, 0x00000000c5100000, 0x00000000eb980000)
  object space 37888K, 27% used [0x00000000c2c00000,0x00000000c3641bb8,0x00000000c5100000)
 Metaspace       used 20452K, capacity 21102K, committed 21248K, reserved 1067008K
  class space    used 2504K, capacity 2723K, committed 2816K, reserved 1048576K
}

