# JRE version: Java(TM) SE Runtime Environment (8.0_111-b14) (build 1.8.0_111-b14)
# Java VM: Java HotSpot(TM) 64-Bit Server VM (25.111-b14 mixed mode windows-amd64 compressed oops)
Heap:
 PSYoungGen      total 134144K, used 102934K [0x00000000eb980000, 0x00000000f4680000, 0x0000000100000000)
  eden space 125440K, 82% used [0x00000000eb980000,0x00000000f1e05a08,0x00000000f3400000)
  from space 8704K, 0% used [0x00000000f3d00000,0x00000000f3d00000,0x00000000f4580000)
  to   space 9216K, 0% used [0x00000000f3400000,0x00000000f3400000,0x00000000f3d00000)
 ParOldGen       total 35328K, used 10381K [0x00000000c2c00000, 0x00000000c4e80000, 0x00000000eb980000)
  object space 35328K, 29% used [0x00000000c2c00000,0x00000000c36234a8,0x00000000c4e80000)
 Metaspace       used 25452K, capacity 26514K, committed 26752K, reserved 1073152K
  class space    used 3106K, capacity 3359K, committed 3456K, reserved 1048576K
GC Heap History (10 events):
Event: 3.999 GC heap before
{Heap before GC invocations=5 (full 0):
 PSYoungGen      total 34304K, used 34288K [0x00000000eb980000, 0x00000000edd80000, 0x0000000100000000)
  eden space 31744K, 100% used [0x00000000eb980000,0x00000000ed880000,0x00000000ed880000)
  from space 2560K, 99% used [0x00000000edb00000,0x00000000edd7c030,0x00000000edd80000)
  to   space 2560K, 0% used [0x00000000ed880000,0x00000000ed880000,0x00000000edb00000)
 ParOldGen       total 42496K, used 5984K [0x00000000c2c00000, 0x00000000c5580000, 0x00000000eb980000)
  object space 42496K, 14% used [0x00000000c2c00000,0x00000000c31d82a8,0x00000000c5580000)
 Metaspace       used 15729K, capacity 16116K, committed 16256K, reserved 1062912K
  class space    used 2016K, capacity 2171K, committed 2176K, reserved 1048576K
Event: 4.015 GC heap after
Heap after GC invocations=5 (full 0):
 PSYoungGen      total 34304K, used 2528K [0x00000000eb980000, 0x00000000f0580000, 0x0000000100000000)
  eden space 31744K, 0% used [0x00000000eb980000,0x00000000eb980000,0x00000000ed880000)
  from space 2560K, 98% used [0x00000000ed880000,0x00000000edaf8020,0x00000000edb00000)
  to   space 7168K, 0% used [0x00000000efe80000,0x00000000efe80000,0x00000000f0580000)
 ParOldGen       total 42496K, used 10730K [0x00000000c2c00000, 0x00000000c5580000, 0x00000000eb980000)
  object space 42496K, 25% used [0x00000000c2c00000,0x00000000c367aab8,0x00000000c5580000)
 Metaspace       used 15729K, capacity 16116K, committed 16256K, reserved 1062912K
  class space    used 2016K, capacity 2171K, committed 2176K, reserved 1048576K
}
Event: 6.138 GC heap before
{Heap before GC invocations=6 (full 0):
 PSYoungGen      total 34304K, used 34272K [0x00000000eb980000, 0x00000000f0580000, 0x0000000100000000)
  eden space 31744K, 100% used [0x00000000eb980000,0x00000000ed880000,0x00000000ed880000)
  from space 2560K, 98% used [0x00000000ed880000,0x00000000edaf8020,0x00000000edb00000)
  to   space 7168K, 0% used [0x00000000efe80000,0x00000000efe80000,0x00000000f0580000)
 ParOldGen       total 42496K, used 10730K [0x00000000c2c00000, 0x00000000c5580000, 0x00000000eb980000)
  object space 42496K, 25% used [0x00000000c2c00000,0x00000000c367aab8,0x00000000c5580000)
 Metaspace       used 18879K, capacity 19488K, committed 19712K, reserved 1067008K
  class space    used 2362K, capacity 2513K, committed 2560K, reserved 1048576K
Event: 6.159 GC heap after
Heap after GC invocations=6 (full 0):
 PSYoungGen      total 70144K, used 6630K [0x00000000eb980000, 0x00000000f0680000, 0x0000000100000000)
  eden space 62976K, 0% used [0x00000000eb980000,0x00000000eb980000,0x00000000ef700000)
  from space 7168K, 92% used [0x00000000efe80000,0x00000000f04f9a50,0x00000000f0580000)
  to   space 7680K, 0% used [0x00000000ef700000,0x00000000ef700000,0x00000000efe80000)
 ParOldGen       total 42496K, used 10738K [0x00000000c2c00000, 0x00000000c5580000, 0x00000000eb980000)
  object space 42496K, 25% used [0x00000000c2c00000,0x00000000c367cab8,0x00000000c5580000)
 Metaspace       used 18879K, capacity 19488K, committed 19712K, reserved 1067008K
  class space    used 2362K, capacity 2513K, committed 2560K, reserved 1048576K
}
Event: 9.389 GC heap before
{Heap before GC invocations=7 (full 0):
 PSYoungGen      total 70144K, used 69606K [0x00000000eb980000, 0x00000000f0680000, 0x0000000100000000)
  eden space 62976K, 100% used [0x00000000eb980000,0x00000000ef700000,0x00000000ef700000)
  from space 7168K, 92% used [0x00000000efe80000,0x00000000f04f9a50,0x00000000f0580000)
  to   space 7680K, 0% used [0x00000000ef700000,0x00000000ef700000,0x00000000efe80000)
 ParOldGen       total 42496K, used 10738K [0x00000000c2c00000, 0x00000000c5580000, 0x00000000eb980000)
  object space 42496K, 25% used [0x00000000c2c00000,0x00000000c367cab8,0x00000000c5580000)
 Metaspace       used 19919K, capacity 20644K, committed 20864K, reserved 1067008K
  class space    used 2414K, capacity 2589K, committed 2688K, reserved 1048576K
Event: 9.409 GC heap after
Heap after GC invocations=7 (full 0):
 PSYoungGen      total 70656K, used 7296K [0x00000000eb980000, 0x00000000f4580000, 0x0000000100000000)
  eden space 62976K, 0% used [0x00000000eb980000,0x00000000eb980000,0x00000000ef700000)
  from space 7680K, 95% used [0x00000000ef700000,0x00000000efe20000,0x00000000efe80000)
  to   space 8704K, 0% used [0x00000000f3d00000,0x00000000f3d00000,0x00000000f4580000)
 ParOldGen       total 42496K, used 11882K [0x00000000c2c00000, 0x00000000c5580000, 0x00000000eb980000)
  object space 42496K, 27% used [0x00000000c2c00000,0x00000000c379a8d0,0x00000000c5580000)
 Metaspace       used 19919K, capacity 20644K, committed 20864K, reserved 1067008K
  class space    used 2414K, capacity 2589K, committed 2688K, reserved 1048576K
}
Event: 9.612 GC heap before
{Heap before GC invocations=8 (full 0):
 PSYoungGen      total 70656K, used 16058K [0x00000000eb980000, 0x00000000f4580000, 0x0000000100000000)
  eden space 62976K, 13% used [0x00000000eb980000,0x00000000ec20ead0,0x00000000ef700000)
  from space 7680K, 95% used [0x00000000ef700000,0x00000000efe20000,0x00000000efe80000)
  to   space 8704K, 0% used [0x00000000f3d00000,0x00000000f3d00000,0x00000000f4580000)
 ParOldGen       total 42496K, used 11882K [0x00000000c2c00000, 0x00000000c5580000, 0x00000000eb980000)
  object space 42496K, 27% used [0x00000000c2c00000,0x00000000c379a8d0,0x00000000c5580000)
 Metaspace       used 20390K, capacity 21068K, committed 21248K, reserved 1067008K
  class space    used 2485K, capacity 2689K, committed 2816K, reserved 1048576K
Event: 9.627 GC heap after
Heap after GC invocations=8 (full 0):
 PSYoungGen      total 134144K, used 6916K [0x00000000eb980000, 0x00000000f4680000, 0x0000000100000000)
  eden space 125440K, 0% used [0x00000000eb980000,0x00000000eb980000,0x00000000f3400000)
  from space 8704K, 79% used [0x00000000f3d00000,0x00000000f43c1048,0x00000000f4580000)
  to   space 9216K, 0% used [0x00000000f3400000,0x00000000f3400000,0x00000000f3d00000)
 ParOldGen       total 42496K, used 12390K [0x00000000c2c00000, 0x00000000c5580000, 0x00000000eb980000)
  object space 42496K, 29% used [0x00000000c2c00000,0x00000000c3819868,0x00000000c5580000)
 Metaspace       used 20390K, capacity 21068K, committed 21248K, reserved 1067008K
  class space    used 2485K, capacity 2689K, committed 2816K, reserved 1048576K
}
Event: 9.627 GC heap before
{Heap before GC invocations=9 (full 1):
 PSYoungGen      total 134144K, used 6916K [0x00000000eb980000, 0x00000000f4680000, 0x0000000100000000)
  eden space 125440K, 0% used [0x00000000eb980000,0x00000000eb980000,0x00000000f3400000)
  from space 8704K, 79% used [0x00000000f3d00000,0x00000000f43c1048,0x00000000f4580000)
  to   space 9216K, 0% used [0x00000000f3400000,0x00000000f3400000,0x00000000f3d00000)
 ParOldGen       total 42496K, used 12390K [0x00000000c2c00000, 0x00000000c5580000, 0x00000000eb980000)
  object space 42496K, 29% used [0x00000000c2c00000,0x00000000c3819868,0x00000000c5580000)
 Metaspace       used 20390K, capacity 21068K, committed 21248K, reserved 1067008K
  class space    used 2485K, capacity 2689K, committed 2816K, reserved 1048576K
Event: 9.717 GC heap after
Heap after GC invocations=9 (full 1):
 PSYoungGen      total 134144K, used 0K [0x00000000eb980000, 0x00000000f4680000, 0x0000000100000000)
  eden space 125440K, 0% used [0x00000000eb980000,0x00000000eb980000,0x00000000f3400000)
  from space 8704K, 0% used [0x00000000f3d00000,0x00000000f3d00000,0x00000000f4580000)
  to   space 9216K, 0% used [0x00000000f3400000,0x00000000f3400000,0x00000000f3d00000)
 ParOldGen       total 35328K, used 10381K [0x00000000c2c00000, 0x00000000c4e80000, 0x00000000eb980000)
  object space 35328K, 29% used [0x00000000c2c00000,0x00000000c36234a8,0x00000000c4e80000)
 Metaspace       used 20390K, capacity 21068K, committed 21248K, reserved 1067008K
  class space    used 2485K, capacity 2689K, committed 2816K, reserved 1048576K
}

