# JRE version: Java(TM) SE Runtime Environment (8.0_111-b14) (build 1.8.0_111-b14)
# Java VM: Java HotSpot(TM) 64-Bit Server VM (25.111-b14 mixed mode windows-amd64 compressed oops)
Heap:
 PSYoungGen      total 70656K, used 7495K [0x00000000eb980000, 0x00000000f2c00000, 0x0000000100000000)
  eden space 63488K, 11% used [0x00000000eb980000,0x00000000ec0d1dc0,0x00000000ef780000)
  from space 7168K, 0% used [0x00000000ef780000,0x00000000ef780000,0x00000000efe80000)
  to   space 7680K, 0% used [0x00000000f2480000,0x00000000f2480000,0x00000000f2c00000)
 ParOldGen       total 38400K, used 10998K [0x00000000c2c00000, 0x00000000c5180000, 0x00000000eb980000)
  object space 38400K, 28% used [0x00000000c2c00000,0x00000000c36bdaa8,0x00000000c5180000)
 Metaspace       used 21088K, capacity 21788K, committed 22144K, reserved 1069056K
  class space    used 2617K, capacity 2821K, committed 2944K, reserved 1048576K
GC Heap History (10 events):
Event: 5.128 GC heap before
{Heap before GC invocations=6 (full 0):
 PSYoungGen      total 18432K, used 18400K [0x00000000eb980000, 0x00000000ee380000, 0x0000000100000000)
  eden space 15872K, 100% used [0x00000000eb980000,0x00000000ec900000,0x00000000ec900000)
  from space 2560K, 98% used [0x00000000ec900000,0x00000000ecb78040,0x00000000ecb80000)
  to   space 5632K, 0% used [0x00000000ede00000,0x00000000ede00000,0x00000000ee380000)
 ParOldGen       total 42496K, used 8670K [0x00000000c2c00000, 0x00000000c5580000, 0x00000000eb980000)
  object space 42496K, 20% used [0x00000000c2c00000,0x00000000c3477be0,0x00000000c5580000)
 Metaspace       used 15725K, capacity 16116K, committed 16256K, reserved 1062912K
  class space    used 2016K, capacity 2171K, committed 2176K, reserved 1048576K
Event: 5.139 GC heap after
Heap after GC invocations=6 (full 0):
 PSYoungGen      total 37376K, used 4789K [0x00000000eb980000, 0x00000000ee380000, 0x0000000100000000)
  eden space 31744K, 0% used [0x00000000eb980000,0x00000000eb980000,0x00000000ed880000)
  from space 5632K, 85% used [0x00000000ede00000,0x00000000ee2ad698,0x00000000ee380000)
  to   space 5632K, 0% used [0x00000000ed880000,0x00000000ed880000,0x00000000ede00000)
 ParOldGen       total 42496K, used 8678K [0x00000000c2c00000, 0x00000000c5580000, 0x00000000eb980000)
  object space 42496K, 20% used [0x00000000c2c00000,0x00000000c3479be0,0x00000000c5580000)
 Metaspace       used 15725K, capacity 16116K, committed 16256K, reserved 1062912K
  class space    used 2016K, capacity 2171K, committed 2176K, reserved 1048576K
}
Event: 6.840 GC heap before
{Heap before GC invocations=7 (full 0):
 PSYoungGen      total 37376K, used 36533K [0x00000000eb980000, 0x00000000ee380000, 0x0000000100000000)
  eden space 31744K, 100% used [0x00000000eb980000,0x00000000ed880000,0x00000000ed880000)
  from space 5632K, 85% used [0x00000000ede00000,0x00000000ee2ad698,0x00000000ee380000)
  to   space 5632K, 0% used [0x00000000ed880000,0x00000000ed880000,0x00000000ede00000)
 ParOldGen       total 42496K, used 8678K [0x00000000c2c00000, 0x00000000c5580000, 0x00000000eb980000)
  object space 42496K, 20% used [0x00000000c2c00000,0x00000000c3479be0,0x00000000c5580000)
 Metaspace       used 18875K, capacity 19488K, committed 19712K, reserved 1067008K
  class space    used 2362K, capacity 2513K, committed 2560K, reserved 1048576K
Event: 6.860 GC heap after
Heap after GC invocations=7 (full 0):
 PSYoungGen      total 37376K, used 5608K [0x00000000eb980000, 0x00000000f0580000, 0x0000000100000000)
  eden space 31744K, 0% used [0x00000000eb980000,0x00000000eb980000,0x00000000ed880000)
  from space 5632K, 99% used [0x00000000ed880000,0x00000000eddfa3a8,0x00000000ede00000)
  to   space 7168K, 0% used [0x00000000efe80000,0x00000000efe80000,0x00000000f0580000)
 ParOldGen       total 42496K, used 10566K [0x00000000c2c00000, 0x00000000c5580000, 0x00000000eb980000)
  object space 42496K, 24% used [0x00000000c2c00000,0x00000000c3651a60,0x00000000c5580000)
 Metaspace       used 18875K, capacity 19488K, committed 19712K, reserved 1067008K
  class space    used 2362K, capacity 2513K, committed 2560K, reserved 1048576K
}
Event: 8.578 GC heap before
{Heap before GC invocations=8 (full 0):
 PSYoungGen      total 37376K, used 37352K [0x00000000eb980000, 0x00000000f0580000, 0x0000000100000000)
  eden space 31744K, 100% used [0x00000000eb980000,0x00000000ed880000,0x00000000ed880000)
  from space 5632K, 99% used [0x00000000ed880000,0x00000000eddfa3a8,0x00000000ede00000)
  to   space 7168K, 0% used [0x00000000efe80000,0x00000000efe80000,0x00000000f0580000)
 ParOldGen       total 42496K, used 10566K [0x00000000c2c00000, 0x00000000c5580000, 0x00000000eb980000)
  object space 42496K, 24% used [0x00000000c2c00000,0x00000000c3651a60,0x00000000c5580000)
 Metaspace       used 19336K, capacity 19962K, committed 20224K, reserved 1067008K
  class space    used 2371K, capacity 2516K, committed 2560K, reserved 1048576K
Event: 8.601 GC heap after
Heap after GC invocations=8 (full 0):
 PSYoungGen      total 70656K, used 5520K [0x00000000eb980000, 0x00000000f0580000, 0x0000000100000000)
  eden space 63488K, 0% used [0x00000000eb980000,0x00000000eb980000,0x00000000ef780000)
  from space 7168K, 77% used [0x00000000efe80000,0x00000000f03e4010,0x00000000f0580000)
  to   space 7168K, 0% used [0x00000000ef780000,0x00000000ef780000,0x00000000efe80000)
 ParOldGen       total 42496K, used 11130K [0x00000000c2c00000, 0x00000000c5580000, 0x00000000eb980000)
  object space 42496K, 26% used [0x00000000c2c00000,0x00000000c36de9f8,0x00000000c5580000)
 Metaspace       used 19336K, capacity 19962K, committed 20224K, reserved 1067008K
  class space    used 2371K, capacity 2516K, committed 2560K, reserved 1048576K
}
Event: 10.869 GC heap before
{Heap before GC invocations=9 (full 0):
 PSYoungGen      total 70656K, used 44619K [0x00000000eb980000, 0x00000000f0580000, 0x0000000100000000)
  eden space 63488K, 61% used [0x00000000eb980000,0x00000000edfaef98,0x00000000ef780000)
  from space 7168K, 77% used [0x00000000efe80000,0x00000000f03e4010,0x00000000f0580000)
  to   space 7168K, 0% used [0x00000000ef780000,0x00000000ef780000,0x00000000efe80000)
 ParOldGen       total 42496K, used 11130K [0x00000000c2c00000, 0x00000000c5580000, 0x00000000eb980000)
  object space 42496K, 26% used [0x00000000c2c00000,0x00000000c36de9f8,0x00000000c5580000)
 Metaspace       used 20405K, capacity 21068K, committed 21248K, reserved 1067008K
  class space    used 2489K, capacity 2689K, committed 2816K, reserved 1048576K
Event: 10.888 GC heap after
Heap after GC invocations=9 (full 0):
 PSYoungGen      total 70656K, used 6644K [0x00000000eb980000, 0x00000000f2c00000, 0x0000000100000000)
  eden space 63488K, 0% used [0x00000000eb980000,0x00000000eb980000,0x00000000ef780000)
  from space 7168K, 92% used [0x00000000ef780000,0x00000000efdfd038,0x00000000efe80000)
  to   space 7680K, 0% used [0x00000000f2480000,0x00000000f2480000,0x00000000f2c00000)
 ParOldGen       total 42496K, used 12539K [0x00000000c2c00000, 0x00000000c5580000, 0x00000000eb980000)
  object space 42496K, 29% used [0x00000000c2c00000,0x00000000c383efe0,0x00000000c5580000)
 Metaspace       used 20405K, capacity 21068K, committed 21248K, reserved 1067008K
  class space    used 2489K, capacity 2689K, committed 2816K, reserved 1048576K
}
Event: 10.889 GC heap before
{Heap before GC invocations=10 (full 1):
 PSYoungGen      total 70656K, used 6644K [0x00000000eb980000, 0x00000000f2c00000, 0x0000000100000000)
  eden space 63488K, 0% used [0x00000000eb980000,0x00000000eb980000,0x00000000ef780000)
  from space 7168K, 92% used [0x00000000ef780000,0x00000000efdfd038,0x00000000efe80000)
  to   space 7680K, 0% used [0x00000000f2480000,0x00000000f2480000,0x00000000f2c00000)
 ParOldGen       total 42496K, used 12539K [0x00000000c2c00000, 0x00000000c5580000, 0x00000000eb980000)
  object space 42496K, 29% used [0x00000000c2c00000,0x00000000c383efe0,0x00000000c5580000)
 Metaspace       used 20405K, capacity 21068K, committed 21248K, reserved 1067008K
  class space    used 2489K, capacity 2689K, committed 2816K, reserved 1048576K
Event: 11.011 GC heap after
Heap after GC invocations=10 (full 1):
 PSYoungGen      total 70656K, used 0K [0x00000000eb980000, 0x00000000f2c00000, 0x0000000100000000)
  eden space 63488K, 0% used [0x00000000eb980000,0x00000000eb980000,0x00000000ef780000)
  from space 7168K, 0% used [0x00000000ef780000,0x00000000ef780000,0x00000000efe80000)
  to   space 7680K, 0% used [0x00000000f2480000,0x00000000f2480000,0x00000000f2c00000)
 ParOldGen       total 38400K, used 10998K [0x00000000c2c00000, 0x00000000c5180000, 0x00000000eb980000)
  object space 38400K, 28% used [0x00000000c2c00000,0x00000000c36bdaa8,0x00000000c5180000)
 Metaspace       used 20405K, capacity 21068K, committed 21248K, reserved 1067008K
  class space    used 2489K, capacity 2689K, committed 2816K, reserved 1048576K
}

